[2025-04-27T10:18:44+08:00][error] [10501]SQLSTATE[HY000] [1045] Access denied for user 'weikaimen'@'localhost' (using password: YES)
[2025-04-27T10:20:59+08:00][info] Array
(
    [user_id] => 1
    [name] => 管理员
    [user] => admin
    [pwd] => 67c89522326e2c30b98ec4406f274713
    [group_id] => 1
    [type] => 1
    [note] => 超级管理员
    [status] => 1
    [create_time] => 1548558919
    [member_id] => 1
    [group_name] => 超级管理员
    [group_status] => 10
    [role] => 1
)

[2025-04-27T10:27:53+08:00][error] sql语句：select a.*,b.name as group_name,c.name as nickname from cd_log as a inner join cd_group as b inner join cd_user as c on a.user_id = c.user_id and c.group_id= b.group_id order by log_id desc limit 0,20
[2025-04-27T10:27:53+08:00][error] countWhere语句：select count(*) as count from (select a.*,b.name as group_name,c.name as nickname from cd_log as a inner join cd_group as b inner join cd_user as c on a.user_id = c.user_id and c.group_id= b.group_id) as tp
[2025-04-27T10:29:43+08:00][error] sql语句：select a.*,b.headimgurl,b.nickname,b.realname,b.remark,b.mobile,c.lock_name from cd_lockauth as a inner join cd_member as b inner join cd_lock as c  where  a.member_id=b.member_id and a.lock_id=c.lock_id and a.deleted_at  is null  order by lockauth_id desc limit 0,20
[2025-04-27T10:29:43+08:00][error] countWhere语句：select count(*) as count from (select a.*,b.headimgurl,b.nickname,b.realname,b.remark,b.mobile,c.lock_name from cd_lockauth as a inner join cd_member as b inner join cd_lock as c  where  a.member_id=b.member_id and a.lock_id=c.lock_id and a.deleted_at  is null ) as tp
[2025-04-27T10:29:43+08:00][error] 查询SQL：select a.*, b.headimgurl, b.realname, b.remark, b.nickname, b.mobile, b.member_type, c.lock_name 
                    from cd_locklog as a 
                    left join cd_member as b on a.member_id = b.member_id 
                    left join cd_lock as c on a.lock_id = c.lock_id where 1=1 order by locklog_id desc limit 0,20
[2025-04-27T10:29:43+08:00][error] [0]htmlspecialchars_decode(): Argument #1 ($string) must be of type string, array given
[2025-04-27T10:31:27+08:00][error] sql语句：select a.*,b.headimgurl,b.nickname,b.realname,b.remark,b.member_type,b.mobile from cd_umember as a inner join cd_member as b   where  a.member_id=b.member_id order by umember_id desc limit 0,20
[2025-04-27T10:31:27+08:00][error] countWhere语句：select count(*) as count from (select a.*,b.headimgurl,b.nickname,b.realname,b.remark,b.member_type,b.mobile from cd_umember as a inner join cd_member as b   where  a.member_id=b.member_id) as tp
[2025-04-27T10:32:26+08:00][error] sql语句：select a.*,b.name as group_name,c.name as nickname from cd_log as a inner join cd_group as b inner join cd_user as c on a.user_id = c.user_id and c.group_id= b.group_id order by log_id desc limit 0,20
[2025-04-27T10:32:26+08:00][error] countWhere语句：select count(*) as count from (select a.*,b.name as group_name,c.name as nickname from cd_log as a inner join cd_group as b inner join cd_user as c on a.user_id = c.user_id and c.group_id= b.group_id) as tp
[2025-04-27T10:36:26+08:00][error] sql语句：select a.*,b.name as group_name,c.name as nickname from cd_log as a inner join cd_group as b inner join cd_user as c on a.user_id = c.user_id and c.group_id= b.group_id order by log_id desc limit 0,20
[2025-04-27T10:36:26+08:00][error] countWhere语句：select count(*) as count from (select a.*,b.name as group_name,c.name as nickname from cd_log as a inner join cd_group as b inner join cd_user as c on a.user_id = c.user_id and c.group_id= b.group_id) as tp
[2025-04-27T10:36:32+08:00][error] sql语句：select a.*,b.headimgurl,b.nickname,b.realname,b.remark,b.member_type,b.mobile from cd_umember as a inner join cd_member as b   where  a.member_id=b.member_id order by umember_id desc limit 0,20
[2025-04-27T10:36:32+08:00][error] countWhere语句：select count(*) as count from (select a.*,b.headimgurl,b.nickname,b.realname,b.remark,b.member_type,b.mobile from cd_umember as a inner join cd_member as b   where  a.member_id=b.member_id) as tp
[2025-04-27T10:37:16+08:00][error] sql语句：select a.*,b.name as group_name,c.name as nickname from cd_log as a inner join cd_group as b inner join cd_user as c on a.user_id = c.user_id and c.group_id= b.group_id order by log_id desc limit 0,20
[2025-04-27T10:37:16+08:00][error] countWhere语句：select count(*) as count from (select a.*,b.name as group_name,c.name as nickname from cd_log as a inner join cd_group as b inner join cd_user as c on a.user_id = c.user_id and c.group_id= b.group_id) as tp
[2025-04-27T10:38:17+08:00][error] sql语句：select a.*,b.name as group_name,c.name as nickname from cd_log as a inner join cd_group as b inner join cd_user as c on a.user_id = c.user_id and c.group_id= b.group_id order by log_id desc limit 0,20
[2025-04-27T10:38:17+08:00][error] countWhere语句：select count(*) as count from (select a.*,b.name as group_name,c.name as nickname from cd_log as a inner join cd_group as b inner join cd_user as c on a.user_id = c.user_id and c.group_id= b.group_id) as tp
[2025-04-27T10:38:47+08:00][info] Array
(
    [user_id] => 1
    [name] => 管理员
    [user] => admin
    [pwd] => 305afeb46a6aa7bca43880dcb29d634d
    [group_id] => 1
    [type] => 1
    [note] => 超级管理员
    [status] => 1
    [create_time] => 1548558919
    [member_id] => 1
    [group_name] => 超级管理员
    [group_status] => 10
    [role] => 1
)

